<?xml version="1.0" encoding="UTF-8"?>
<!-- Generated by org.testng.reporters.JUnitXMLReporter -->
<testsuite hostname="DESKTOP-QKSB57M" ignored="0" name=" Challenging dom Test" tests="3" failures="0" timestamp="2020-06-10T11:44:47 IST" time="2.073" errors="0">
  <testcase name="doCLickButton1" time="0.862" classname="com.testcases2.ChallengingDomTest"/>
  <testcase name="doClickButton2" time="0.589" classname="com.testcases2.ChallengingDomTest"/>
  <testcase name="doCLickButton3" time="0.57" classname="com.testcases2.ChallengingDomTest"/>
</testsuite> <!--  Challenging dom Test -->
